2001 10
0.999687 168.750641 11.033626
1.000566 168.750381 11.032863
1.001155 168.750214 11.032311
1.001564 168.750061 11.031892
1.001903 168.749908 11.031522
1.002216 168.749771 11.031174
1.002516 168.749634 11.030834
1.002810 168.749512 11.030499
1.003100 168.749359 11.030167
1.003389 168.749252 11.029837
1.003675 168.749115 11.029509
1.003959 168.748978 11.029181
1.004243 168.748840 11.028854
1.004524 168.748688 11.028530
1.004804 168.748550 11.028206
1.005082 168.748413 11.027882
1.005360 168.748260 11.027557
1.005636 168.748123 11.027233
1.005911 168.747971 11.026911
1.006185 168.747833 11.026588
1.006458 168.747696 11.026268
1.006730 168.747543 11.025948
1.007001 168.747391 11.025627
1.007271 168.747238 11.025309
1.007540 168.747101 11.024990
1.007809 168.746948 11.024672
1.008077 168.746796 11.024353
1.008344 168.746658 11.024036
1.008611 168.746506 11.023720
1.008876 168.746353 11.023405
1.009142 168.746201 11.023088
1.009406 168.746048 11.022773
1.009670 168.745895 11.022458
1.009934 168.745743 11.022143
1.010197 168.745605 11.021831
1.010459 168.745453 11.021519
1.010721 168.745300 11.021206
1.010982 168.745148 11.020894
1.011243 168.744995 11.020582
1.011503 168.744843 11.020271
1.011762 168.744690 11.019962
1.012021 168.744537 11.019653
1.012280 168.744385 11.019344
1.012538 168.744232 11.019035
1.012795 168.744080 11.018727
1.013053 168.743912 11.018421
1.013309 168.743759 11.018114
1.013565 168.743607 11.017808
1.013820 168.743454 11.017502
1.014075 168.743301 11.017197
1.014329 168.743149 11.016891
1.014583 168.742996 11.016586
1.014836 168.742828 11.016283
1.015089 168.742676 11.015981
1.015341 168.742523 11.015678
1.015593 168.742355 11.015377
1.015844 168.742203 11.015076
1.016094 168.742035 11.014776
1.016345 168.741882 11.014475
1.016594 168.741730 11.014175
1.016843 168.741562 11.013877
1.017091 168.741394 11.013578
1.017339 168.741241 11.013279
1.017586 168.741074 11.012981
1.017833 168.740921 11.012686
1.018079 168.740753 11.012388
1.018324 168.740585 11.012093
1.018569 168.740433 11.011797
1.018813 168.740280 11.011501
1.019057 168.740112 11.011208
1.019300 168.739944 11.010913
1.019543 168.739792 11.010620
1.019785 168.739624 11.010327
1.020026 168.739471 11.010035
1.020267 168.739304 11.009743
1.020508 168.739151 11.009453
1.020747 168.738983 11.009162
1.020986 168.738815 11.008871
1.021225 168.738663 11.008581
1.021463 168.738495 11.008293
1.021700 168.738342 11.008004
1.021937 168.738174 11.007715
1.022173 168.738007 11.007427
1.022408 168.737839 11.007141
1.022643 168.737671 11.006854
1.022878 168.737518 11.006568
1.023111 168.737350 11.006282
1.023345 168.737183 11.005996
1.023577 168.737030 11.005711
1.023809 168.736862 11.005424
1.024040 168.736694 11.005141
1.024271 168.736542 11.004858
1.024502 168.736389 11.004575
1.024731 168.736206 11.004292
1.024960 168.736053 11.004009
1.025189 168.735886 11.003729
1.025416 168.735718 11.003448
1.025644 168.735550 11.003166
1.025870 168.735397 11.002887
1.026096 168.735229 11.002605
1.026322 168.735062 11.002326
1.026546 168.734894 11.002047
1.026771 168.734741 11.001768
1.026995 168.734573 11.001491
1.027218 168.734406 11.001213
1.027440 168.734253 11.000937
1.027662 168.734085 11.000660
1.027884 168.733902 11.000383
1.028104 168.733749 11.000107
1.028325 168.733582 10.999830
1.028544 168.733414 10.999555
1.028763 168.733246 10.999281
1.028982 168.733078 10.999006
1.029200 168.732925 10.998733
1.029417 168.732742 10.998460
1.029634 168.732590 10.998188
1.029850 168.732422 10.997915
1.030066 168.732269 10.997643
1.030280 168.732086 10.997370
1.030495 168.731934 10.997098
1.030709 168.731766 10.996826
1.030922 168.731613 10.996555
1.031135 168.731445 10.996285
1.031347 168.731262 10.996016
1.031559 168.731094 10.995746
1.031770 168.730942 10.995478
1.031981 168.730759 10.995208
1.032191 168.730606 10.994940
1.032400 168.730438 10.994673
1.032609 168.730270 10.994404
1.032817 168.730103 10.994137
1.033025 168.729919 10.993870
1.033232 168.729767 10.993603
1.033439 168.729599 10.993336
1.033646 168.729431 10.993069
1.033851 168.729263 10.992804
1.034056 168.729111 10.992537
1.034261 168.728943 10.992273
1.034465 168.728775 10.992010
1.034668 168.728607 10.991746
1.034871 168.728455 10.991482
1.035074 168.728287 10.991219
1.035276 168.728119 10.990954
1.035477 168.727951 10.990692
1.035678 168.727783 10.990430
1.035878 168.727600 10.990168
1.036078 168.727448 10.989906
1.036277 168.727295 10.989645
1.036476 168.727112 10.989384
1.036674 168.726944 10.989124
1.036872 168.726776 10.988863
1.037070 168.726608 10.988604
1.037266 168.726456 10.988344
1.037463 168.726288 10.988085
1.037658 168.726105 10.987826
1.037854 168.725952 10.987568
1.038049 168.725784 10.987309
1.038243 168.725632 10.987051
1.038437 168.725464 10.986794
1.038630 168.725281 10.986536
1.038823 168.725113 10.986279
1.039015 168.724945 10.986022
1.039207 168.724777 10.985765
1.039398 168.724609 10.985509
1.039589 168.724426 10.985254
1.039779 168.724274 10.984999
1.039969 168.724121 10.984743
1.040159 168.723953 10.984488
1.040347 168.723785 10.984235
1.040535 168.723618 10.983980
1.040724 168.723450 10.983727
1.040911 168.723282 10.983473
1.041098 168.723129 10.983220
1.041285 168.722961 10.982966
1.041471 168.722794 10.982714
1.041656 168.722626 10.982460
1.041842 168.722458 10.982208
1.042026 168.722290 10.981956
1.042210 168.722122 10.981705
1.042394 168.721954 10.981453
1.042578 168.721786 10.981203
1.042761 168.721619 10.980953
1.042943 168.721451 10.980703
1.043125 168.721283 10.980453
1.043306 168.721100 10.980204
1.043488 168.720932 10.979954
1.043668 168.720779 10.979704
1.043849 168.720627 10.979456
1.044028 168.720444 10.979206
1.044207 168.720291 10.978958
1.044386 168.720108 10.978710
1.044565 168.719940 10.978462
1.044743 168.719772 10.978214
1.044920 168.719620 10.977966
1.045098 168.719437 10.977718
1.045274 168.719269 10.977470
1.045451 168.719101 10.977224
1.045627 168.718933 10.976977
1.045802 168.718765 10.976732
1.045977 168.718597 10.976485
1.046152 168.718430 10.976240
1.046326 168.718262 10.975995
1.046500 168.718094 10.975752
1.046673 168.717926 10.975506
1.046846 168.717758 10.975262
1.047018 168.717606 10.975019
1.047190 168.717422 10.974773
1.047362 168.717270 10.974531
1.047534 168.717102 10.974289
1.047704 168.716934 10.974047
1.047875 168.716751 10.973804
1.048045 168.716599 10.973562
1.048214 168.716415 10.973321
1.048384 168.716263 10.973080
1.048553 168.716095 10.972837
1.048721 168.715927 10.972596
1.048889 168.715759 10.972355
1.049057 168.715591 10.972114
1.049224 168.715424 10.971873
1.049391 168.715256 10.971632
1.049558 168.715088 10.971392
1.049724 168.714920 10.971149
1.049890 168.714752 10.970910
1.050055 168.714584 10.970670
1.050220 168.714417 10.970430
1.050384 168.714233 10.970191
1.050549 168.714066 10.969953
1.050713 168.713898 10.969714
1.050876 168.713730 10.969475
1.051039 168.713577 10.969236
1.051202 168.713409 10.968998
1.051364 168.713226 10.968760
1.051526 168.713058 10.968524
1.051688 168.712891 10.968287
1.051849 168.712723 10.968050
1.052010 168.712555 10.967814
1.052170 168.712402 10.967578
1.052330 168.712219 10.967342
1.052490 168.712051 10.967108
1.052650 168.711868 10.966872
1.052809 168.711700 10.966636
1.052967 168.711548 10.966400
1.053126 168.711395 10.966165
1.053284 168.711227 10.965930
1.053441 168.711044 10.965694
1.053599 168.710861 10.965461
1.053756 168.710693 10.965225
1.053912 168.710541 10.964993
1.054069 168.710388 10.964759
1.054224 168.710205 10.964525
1.054380 168.710037 10.964293
1.054535 168.709854 10.964060
1.054690 168.709686 10.963826
1.054845 168.709518 10.963593
1.054999 168.709366 10.963363
1.055153 168.709198 10.963131
1.055306 168.709030 10.962900
1.055459 168.708862 10.962667
1.055612 168.708694 10.962437
1.055764 168.708527 10.962206
1.055917 168.708344 10.961975
1.056068 168.708191 10.961744
1.056220 168.708038 10.961514
1.056371 168.707855 10.961283
1.056522 168.707687 10.961053
1.056672 168.707520 10.960823
1.056822 168.707352 10.960593
1.056973 168.707169 10.960363
1.057122 168.707016 10.960135
1.057271 168.706863 10.959906
1.057420 168.706696 10.959677
1.057569 168.706512 10.959448
1.057717 168.706329 10.959219
1.057864 168.706161 10.958990
1.058012 168.705994 10.958761
1.058160 168.705826 10.958532
1.058307 168.705673 10.958305
1.058453 168.705505 10.958078
1.058600 168.705338 10.957850
1.058746 168.705154 10.957623
1.058891 168.704987 10.957397
1.059037 168.704803 10.957170
1.059182 168.704636 10.956944
1.059327 168.704483 10.956717
1.059471 168.704315 10.956492
1.059615 168.704147 10.956267
1.059759 168.703964 10.956041
1.059903 168.703796 10.955817
1.060046 168.703629 10.955591
1.060189 168.703461 10.955367
1.060332 168.703308 10.955142
1.060474 168.703140 10.954917
1.060616 168.702972 10.954693
1.060758 168.702789 10.954470
1.060900 168.702621 10.954246
1.061041 168.702454 10.954021
1.061182 168.702286 10.953798
1.061323 168.702118 10.953576
1.061463 168.701950 10.953353
1.061603 168.701797 10.953131
1.061743 168.701614 10.952908
1.061882 168.701447 10.952686
1.062022 168.701263 10.952462
1.062160 168.701096 10.952240
1.062299 168.700943 10.952019
1.062437 168.700775 10.951797
1.062576 168.700623 10.951574
1.062713 168.700455 10.951353
1.062851 168.700272 10.951132
1.062988 168.700104 10.950912
1.063125 168.699921 10.950690
1.063262 168.699753 10.950470
1.063398 168.699600 10.950249
1.063534 168.699432 10.950027
1.063669 168.699265 10.949808
1.063805 168.699097 10.949588
1.063941 168.698914 10.949368
1.064076 168.698746 10.949147
1.064210 168.698578 10.948927
1.064345 168.698410 10.948708
1.064479 168.698242 10.948489
1.064613 168.698090 10.948270
1.064746 168.697922 10.948051
1.064880 168.697754 10.947833
1.065013 168.697571 10.947615
1.065146 168.697403 10.947396
1.065279 168.697220 10.947178
1.065411 168.697052 10.946961
1.065543 168.696899 10.946743
1.065675 168.696732 10.946526
1.065806 168.696564 10.946308
1.065938 168.696396 10.946090
1.066069 168.696213 10.945874
1.066199 168.696045 10.945657
1.066330 168.695877 10.945440
1.066460 168.695709 10.945225
1.066590 168.695557 10.945008
1.066720 168.695404 10.944792
1.066849 168.695221 10.944576
1.066979 168.695053 10.944362
1.067108 168.694885 10.944145
1.067236 168.694702 10.943931
1.067365 168.694519 10.943716
1.067493 168.694366 10.943501
1.067621 168.694214 10.943287
1.067749 168.694031 10.943072
1.067877 168.693863 10.942858
1.068004 168.693695 10.942644
1.068131 168.693527 10.942430
1.068258 168.693344 10.942215
1.068384 168.693176 10.942002
1.068511 168.693024 10.941789
1.068637 168.692856 10.941574
1.068763 168.692703 10.941362
1.068888 168.692520 10.941149
1.069014 168.692352 10.940937
1.069139 168.692169 10.940723
1.069263 168.692001 10.940512
1.069388 168.691849 10.940298
1.069512 168.691666 10.940086
1.069637 168.691498 10.939875
1.069761 168.691330 10.939663
1.069884 168.691162 10.939451
1.070008 168.690979 10.939240
1.070131 168.690826 10.939029
1.070254 168.690659 10.938818
1.070377 168.690491 10.938606
1.070499 168.690338 10.938396
1.070622 168.690155 10.938185
1.070744 168.689987 10.937974
1.070865 168.689819 10.937763
1.070987 168.689651 10.937553
1.071109 168.689468 10.937344
1.071230 168.689301 10.937134
1.071351 168.689148 10.936924
1.071472 168.688965 10.936714
1.071592 168.688797 10.936504
1.071712 168.688629 10.936295
1.071832 168.688461 10.936085
1.071952 168.688278 10.935875
1.072072 168.688110 10.935665
1.072191 168.687943 10.935457
1.072310 168.687775 10.935248
1.072430 168.687607 10.935040
1.072548 168.687454 10.934832
1.072667 168.687286 10.934624
1.072785 168.687103 10.934415
1.072903 168.686951 10.934208
1.073021 168.686783 10.934000
1.073139 168.686615 10.933792
1.073256 168.686432 10.933584
1.073373 168.686264 10.933378
1.073490 168.686096 10.933170
1.073607 168.685928 10.932964
1.073724 168.685745 10.932756
1.073840 168.685593 10.932550
1.073956 168.685410 10.932344
1.074072 168.685242 10.932138
1.074188 168.685074 10.931932
1.074304 168.684906 10.931726
1.074419 168.684738 10.931521
1.074534 168.684570 10.931316
1.074649 168.684402 10.931110
1.074764 168.684250 10.930904
1.074878 168.684067 10.930700
1.074993 168.683899 10.930495
1.075107 168.683731 10.930292
1.075221 168.683563 10.930087
1.075334 168.683380 10.929884
1.075448 168.683212 10.929679
1.075561 168.683060 10.929476
1.075674 168.682877 10.929271
1.075787 168.682709 10.929068
1.075900 168.682541 10.928864
1.076012 168.682373 10.928661
1.076125 168.682205 10.928457
1.076237 168.682022 10.928253
1.076349 168.681854 10.928051
1.076461 168.681702 10.927849
1.076572 168.681534 10.927646
1.076683 168.681366 10.927444
1.076794 168.681198 10.927240
1.076905 168.681030 10.927040
1.077016 168.680862 10.926837
1.077127 168.680695 10.926635
1.077237 168.680527 10.926434
1.077347 168.680359 10.926231
1.077457 168.680191 10.926030
1.077567 168.680023 10.925828
1.077677 168.679840 10.925627
1.077786 168.679672 10.925425
1.077895 168.679504 10.925222
1.078004 168.679337 10.925022
1.078113 168.679169 10.924820
1.078222 168.678986 10.924620
1.078330 168.678833 10.924419
1.078438 168.678665 10.924219
1.078547 168.678513 10.924019
1.078655 168.678329 10.923819
1.078762 168.678162 10.923618
1.078869 168.677979 10.923418
1.078977 168.677826 10.923218
1.079084 168.677658 10.923018
1.079191 168.677490 10.922819
1.079298 168.677322 10.922620
1.079405 168.677155 10.922421
1.079511 168.676987 10.922221
1.079617 168.676804 10.922022
1.079723 168.676620 10.921823
1.079829 168.676468 10.921625
1.079935 168.676300 10.921427
1.080041 168.676132 10.921228
1.080146 168.675964 10.921030
1.080251 168.675797 10.920832
1.080356 168.675629 10.920633
1.080461 168.675476 10.920437
1.080566 168.675308 10.920238
1.080670 168.675125 10.920041
1.080775 168.674957 10.919845
1.080879 168.674789 10.919647
1.080982 168.674622 10.919451
1.081086 168.674454 10.919254
1.081190 168.674286 10.919058
1.081294 168.674118 10.918861
1.081397 168.673950 10.918665
1.081500 168.673782 10.918468
1.081603 168.673615 10.918272
1.081705 168.673431 10.918076
1.081808 168.673264 10.917879
1.081910 168.673111 10.917685
1.082013 168.672943 10.917488
1.082115 168.672760 10.917294
1.082217 168.672592 10.917099
1.082319 168.672424 10.916904
1.082420 168.672256 10.916708
1.082521 168.672104 10.916513
1.082623 168.671921 10.916319
1.082724 168.671753 10.916124
1.082825 168.671585 10.915930
1.082926 168.671417 10.915735
1.083026 168.671249 10.915541
1.083126 168.671082 10.915347
1.083227 168.670914 10.915154
1.083327 168.670746 10.914959
1.083427 168.670593 10.914765
1.083527 168.670410 10.914572
1.083626 168.670242 10.914378
1.083726 168.670074 10.914186
1.083825 168.669891 10.913992
1.083924 168.669724 10.913799
1.084023 168.669556 10.913607
1.084122 168.669388 10.913414
1.084221 168.669220 10.913220
1.084319 168.669052 10.913028
1.084417 168.668900 10.912836
1.084515 168.668732 10.912643
1.084614 168.668549 10.912451
1.084711 168.668381 10.912259
1.084809 168.668213 10.912066
1.084907 168.668045 10.911875
1.085004 168.667877 10.911683
1.085101 168.667709 10.911491
1.085198 168.667542 10.911299
1.085295 168.667374 10.911108
1.085392 168.667221 10.910917
1.085489 168.667038 10.910727
1.085585 168.666870 10.910536
1.085682 168.666687 10.910345
1.085778 168.666519 10.910154
1.085874 168.666351 10.909964
1.085969 168.666183 10.909773
1.086065 168.666016 10.909582
1.086161 168.665848 10.909391
1.086256 168.665695 10.909201
1.086351 168.665543 10.909010
1.086447 168.665375 10.908819
1.086542 168.665207 10.908630
1.086636 168.665024 10.908441
1.086731 168.664856 10.908251
1.086825 168.664688 10.908062
1.086920 168.664520 10.907873
1.087014 168.664352 10.907684
1.087108 168.664185 10.907495
1.087202 168.664017 10.907307
1.087296 168.663849 10.907118
1.087389 168.663681 10.906930
1.087483 168.663513 10.906741
1.087576 168.663345 10.906552
1.087669 168.663162 10.906364
1.087762 168.662994 10.906176
1.087855 168.662827 10.905988
1.087948 168.662659 10.905800
1.088041 168.662491 10.905612
1.088133 168.662323 10.905425
1.088226 168.662155 10.905237
1.088318 168.662003 10.905049
1.088410 168.661835 10.904861
1.088502 168.661667 10.904675
1.088593 168.661499 10.904490
1.088685 168.661316 10.904301
1.088777 168.661148 10.904116
1.088868 168.660980 10.903928
1.088959 168.660812 10.903742
1.089050 168.660645 10.903555
1.089141 168.660477 10.903370
1.089232 168.660309 10.903183
1.089323 168.660156 10.902997
1.089413 168.660004 10.902811
1.089504 168.659821 10.902626
1.089594 168.659653 10.902441
1.089684 168.659470 10.902254
1.089774 168.659302 10.902069
1.089864 168.659134 10.901884
1.089953 168.658966 10.901699
1.090043 168.658798 10.901513
1.090132 168.658630 10.901329
1.090222 168.658447 10.901143
1.090311 168.658295 10.900959
1.090400 168.658142 10.900774
1.090489 168.657974 10.900591
1.090577 168.657806 10.900404
1.090666 168.657639 10.900221
1.090754 168.657471 10.900038
1.090843 168.657288 10.899853
1.090931 168.657120 10.899670
1.091019 168.656952 10.899485
1.091107 168.656784 10.899302
1.091195 168.656631 10.899118
1.091283 168.656464 10.898935
1.091370 168.656296 10.898752
1.091457 168.656128 10.898569
1.091545 168.655975 10.898386
1.091632 168.655807 10.898203
1.091719 168.655640 10.898020
1.091806 168.655472 10.897837
1.091893 168.655289 10.897655
1.091979 168.655121 10.897471
1.092066 168.654938 10.897288
1.092152 168.654770 10.897106
1.092238 168.654602 10.896924
1.092325 168.654449 10.896742
1.092411 168.654297 10.896560
1.092496 168.654129 10.896378
1.092582 168.653961 10.896195
1.092668 168.653793 10.896014
1.092753 168.653625 10.895833
1.092839 168.653458 10.895652
1.092924 168.653290 10.895471
1.093009 168.653122 10.895289
1.093094 168.652954 10.895108
1.093179 168.652786 10.894927
1.093264 168.652618 10.894746
1.093349 168.652451 10.894566
1.093433 168.652298 10.894384
1.093517 168.652130 10.894204
1.093602 168.651962 10.894023
1.093686 168.651810 10.893843
1.093770 168.651642 10.893662
1.093854 168.651459 10.893483
1.093937 168.651291 10.893303
1.094021 168.651123 10.893123
1.094105 168.650940 10.892943
1.094188 168.650772 10.892763
1.094271 168.650604 10.892585
1.094355 168.650452 10.892405
1.094438 168.650299 10.892226
1.094521 168.650116 10.892046
1.094603 168.649948 10.891869
1.094686 168.649780 10.891688
1.094769 168.649612 10.891510
1.094851 168.649445 10.891331
1.094933 168.649277 10.891151
1.095016 168.649109 10.890972
1.095098 168.648941 10.890794
1.095180 168.648773 10.890616
1.095262 168.648605 10.890437
1.095343 168.648438 10.890260
1.095425 168.648285 10.890081
1.095506 168.648132 10.889903
1.095588 168.647949 10.889727
1.095669 168.647797 10.889548
1.095750 168.647629 10.889370
1.095831 168.647461 10.889194
1.095912 168.647293 10.889017
1.095993 168.647125 10.888839
1.096074 168.646942 10.888662
1.096154 168.646774 10.888485
1.096235 168.646606 10.888308
1.096316 168.646439 10.888131
1.096396 168.646286 10.887953
1.096476 168.646133 10.887777
1.096556 168.645950 10.887601
1.096636 168.645782 10.887424
1.096716 168.645630 10.887248
1.096795 168.645462 10.887073
1.096875 168.645294 10.886896
1.096954 168.645126 10.886721
1.097034 168.644958 10.886544
1.097113 168.644791 10.886368
1.097192 168.644623 10.886192
1.097271 168.644455 10.886017
1.097350 168.644287 10.885841
1.097429 168.644135 10.885666
1.097507 168.643967 10.885490
1.097586 168.643799 10.885315
1.097665 168.643631 10.885140
1.097743 168.643463 10.884966
1.097821 168.643295 10.884790
1.097900 168.643127 10.884616
1.097978 168.642975 10.884441
1.098056 168.642807 10.884267
1.098133 168.642639 10.884092
1.098211 168.642471 10.883918
1.098289 168.642303 10.883743
1.098366 168.642151 10.883569
1.098444 168.641983 10.883396
1.098521 168.641830 10.883221
1.098598 168.641663 10.883047
1.098675 168.641479 10.882874
1.098752 168.641312 10.882700
1.098829 168.641159 10.882526
1.098906 168.640991 10.882353
1.098982 168.640839 10.882179
1.099059 168.640671 10.882006
1.099135 168.640518 10.881832
1.099212 168.640350 10.881659
1.099288 168.640182 10.881486
1.099364 168.640015 10.881313
1.099440 168.639847 10.881141
1.099516 168.639679 10.880968
1.099592 168.639526 10.880796
1.099668 168.639359 10.880624
1.099743 168.639191 10.880451
1.099819 168.639023 10.880278
1.099894 168.638855 10.880106
1.099970 168.638702 10.879934
1.100045 168.638535 10.879763
1.100120 168.638367 10.879591
1.100195 168.638214 10.879419
1.100270 168.638046 10.879248
1.100345 168.637878 10.879076
1.100420 168.637711 10.878904
1.100494 168.637543 10.878733
1.100569 168.637390 10.878561
1.100643 168.637222 10.878389
1.100718 168.637070 10.878218
1.100792 168.636902 10.878046
1.100866 168.636734 10.877874
1.100940 168.636566 10.877703
1.101013 168.636398 10.877531
1.101087 168.636230 10.877361
1.101161 168.636078 10.877190
1.101235 168.635910 10.877020
1.101309 168.635757 10.876850
1.101382 168.635590 10.876680
1.101455 168.635437 10.876511
1.101529 168.635284 10.876341
1.101602 168.635117 10.876169
1.101675 168.634949 10.875999
1.101748 168.634781 10.875830
1.101820 168.634628 10.875660
1.101893 168.634460 10.875490
1.101966 168.634308 10.875320
1.102038 168.634125 10.875151
1.102111 168.633957 10.874982
1.102183 168.633789 10.874813
1.102255 168.633636 10.874643
1.102328 168.633469 10.874474
1.102400 168.633301 10.874306
1.102472 168.633148 10.874136
1.102544 168.632980 10.873968
1.102615 168.632812 10.873798
1.102687 168.632660 10.873631
1.102759 168.632507 10.873463
1.102830 168.632355 10.873293
1.102902 168.632187 10.873125
1.102973 168.632034 10.872957
1.103044 168.631882 10.872788
1.103115 168.631699 10.872622
1.103186 168.631546 10.872454
1.103257 168.631363 10.872285
1.103328 168.631210 10.872117
1.103399 168.631042 10.871950
1.103470 168.630875 10.871782
1.103540 168.630707 10.871614
1.103611 168.630554 10.871447
1.103681 168.630386 10.871280
1.103752 168.630219 10.871113
1.103822 168.630066 10.870945
1.103892 168.629913 10.870778
1.103962 168.629761 10.870611
1.104032 168.629608 10.870445
1.104102 168.629456 10.870277
1.104172 168.629288 10.870111
1.104241 168.629135 10.869945
1.104311 168.628983 10.869778
1.104380 168.628830 10.869612
1.104450 168.628662 10.869446
1.104519 168.628494 10.869279
1.104588 168.628326 10.869112
1.104657 168.628159 10.868946
1.104727 168.627991 10.868781
1.104796 168.627838 10.868615
1.104865 168.627670 10.868449
1.104934 168.627502 10.868284
1.105002 168.627350 10.868117
1.105071 168.627182 10.867952
1.105139 168.627029 10.867786
1.105208 168.626862 10.867621
1.105276 168.626709 10.867455
1.105344 168.626556 10.867290
1.105412 168.626404 10.867126
1.105481 168.626251 10.866961
1.105549 168.626099 10.866796
1.105616 168.625946 10.866631
1.105684 168.625778 10.866466
1.105752 168.625626 10.866300
1.105820 168.625473 10.866137
1.105888 168.625305 10.865972
1.105955 168.625137 10.865807
1.106022 168.624985 10.865642
1.106090 168.624817 10.865479
1.106157 168.624649 10.865314
1.106224 168.624481 10.865149
1.106291 168.624313 10.864986
1.106358 168.624161 10.864822
1.106425 168.623993 10.864658
1.106492 168.623840 10.864494
1.106559 168.623688 10.864331
1.106626 168.623520 10.864168
1.106692 168.623367 10.864005
1.106759 168.623199 10.863842
1.106825 168.623047 10.863678
1.106891 168.622894 10.863516
1.106957 168.622742 10.863353
1.107024 168.622589 10.863190
1.107090 168.622437 10.863027
1.107156 168.622284 10.862863
1.107222 168.622131 10.862700
1.107287 168.621979 10.862536
1.107353 168.621811 10.862374
1.107419 168.621643 10.862212
1.107484 168.621490 10.862050
1.107550 168.621323 10.861887
1.107615 168.621155 10.861725
1.107681 168.621002 10.861562
1.107746 168.620834 10.861400
1.107811 168.620667 10.861238
1.107877 168.620514 10.861075
1.107942 168.620361 10.860913
1.108006 168.620209 10.860751
1.108071 168.620041 10.860589
1.108136 168.619888 10.860428
1.108201 168.619720 10.860266
1.108265 168.619568 10.860105
1.108330 168.619415 10.859943
1.108394 168.619263 10.859782
1.108459 168.619110 10.859621
1.108523 168.618958 10.859460
1.108588 168.618805 10.859299
1.108652 168.618652 10.859138
1.108716 168.618500 10.858976
1.108780 168.618347 10.858817
1.108844 168.618195 10.858656
1.108908 168.618027 10.858496
1.108971 168.617859 10.858335
1.109035 168.617691 10.858174
1.109099 168.617523 10.858013
1.109162 168.617371 10.857854
1.109226 168.617218 10.857693
1.109289 168.617065 10.857533
1.109352 168.616898 10.857372
1.109415 168.616745 10.857212
1.109478 168.616577 10.857053
1.109542 168.616425 10.856892
1.109605 168.616272 10.856732
1.109668 168.616119 10.856573
1.109731 168.615952 10.856413
1.109793 168.615784 10.856253
1.109856 168.615631 10.856094
1.109919 168.615479 10.855934
1.109981 168.615326 10.855775
1.110044 168.615173 10.855616
1.110106 168.615021 10.855456
1.110168 168.614868 10.855297
1.110231 168.614716 10.855138
1.110293 168.614563 10.854980
1.110355 168.614410 10.854821
1.110417 168.614258 10.854663
1.110479 168.614105 10.854504
1.110541 168.613937 10.854345
1.110603 168.613770 10.854187
1.110665 168.613617 10.854029
1.110726 168.613449 10.853870
1.110788 168.613297 10.853712
1.110849 168.613144 10.853554
1.110911 168.612991 10.853395
1.110972 168.612839 10.853237
1.111033 168.612686 10.853079
1.111094 168.612518 10.852921
1.111156 168.612366 10.852762
1.111217 168.612213 10.852604
1.111278 168.612061 10.852448
1.111339 168.611893 10.852289
1.111400 168.611740 10.852131
1.111460 168.611572 10.851973
1.111521 168.611420 10.851816
1.111582 168.611252 10.851660
1.111643 168.611099 10.851501
1.111703 168.610947 10.851345
1.111764 168.610794 10.851188
1.111824 168.610641 10.851030
1.111884 168.610489 10.850874
1.111945 168.610336 10.850718
1.112005 168.610184 10.850561
1.112065 168.610031 10.850404
1.112125 168.609879 10.850248
1.112185 168.609726 10.850092
1.112245 168.609573 10.849936
1.112304 168.609421 10.849779
1.112364 168.609268 10.849623
1.112424 168.609100 10.849466
1.112483 168.608948 10.849310
1.112543 168.608795 10.849154
1.112602 168.608643 10.848997
1.112662 168.608490 10.848842
1.112721 168.608337 10.848684
1.112780 168.608170 10.848530
1.112840 168.608017 10.848373
1.112899 168.607864 10.848217
1.112958 168.607712 10.848062
1.113017 168.607559 10.847906
1.113075 168.607407 10.847750
1.113134 168.607239 10.847595
1.113193 168.607086 10.847440
1.113252 168.606918 10.847285
1.113310 168.606766 10.847130
1.113369 168.606613 10.846975
1.113428 168.606445 10.846821
1.113486 168.606293 10.846666
1.113544 168.606125 10.846512
1.113603 168.605972 10.846357
1.113661 168.605820 10.846203
1.113719 168.605667 10.846048
1.113778 168.605515 10.845894
1.113836 168.605362 10.845739
1.113894 168.605209 10.845585
1.113952 168.605057 10.845431
1.114009 168.604904 10.845276
1.114067 168.604752 10.845122
1.114125 168.604599 10.844967
1.114182 168.604446 10.844814
1.114240 168.604294 10.844660
1.114297 168.604141 10.844505
1.114355 168.603989 10.844351
1.114412 168.603836 10.844197
1.114470 168.603683 10.844044
1.114527 168.603531 10.843889
1.114584 168.603378 10.843735
1.114641 168.603226 10.843582
1.114699 168.603073 10.843430
1.114756 168.602921 10.843275
1.114812 168.602753 10.843122
1.114869 168.602600 10.842970
1.114926 168.602448 10.842815
1.114983 168.602295 10.842663
1.115039 168.602142 10.842510
1.115096 168.601990 10.842358
1.115152 168.601837 10.842205
1.115209 168.601685 10.842052
1.115265 168.601532 10.841900
1.115322 168.601379 10.841747
1.115378 168.601212 10.841595
1.115434 168.601059 10.841442
1.115491 168.600906 10.841290
1.115547 168.600739 10.841137
1.115603 168.600586 10.840984
1.115659 168.600433 10.840832
1.115715 168.600266 10.840679
1.115771 168.600113 10.840527
1.115827 168.599960 10.840374
1.115883 168.599808 10.840221
1.115938 168.599655 10.840070
1.115994 168.599503 10.839918
1.116049 168.599350 10.839766
1.116105 168.599197 10.839615
1.116160 168.599045 10.839462
1.116216 168.598892 10.839312
1.116271 168.598740 10.839161
1.116326 168.598587 10.839008
1.116381 168.598434 10.838856
1.116436 168.598282 10.838705
1.116491 168.598129 10.838554
1.116546 168.597977 10.838404
1.116601 168.597824 10.838253
1.116656 168.597672 10.838102
1.116711 168.597519 10.837952
1.116765 168.597366 10.837801
1.116820 168.597214 10.837650
1.116875 168.597061 10.837500
1.116930 168.596909 10.837349
1.116984 168.596756 10.837198
1.117039 168.596603 10.837048
1.117093 168.596451 10.836897
1.117147 168.596298 10.836746
1.117202 168.596146 10.836596
1.117256 168.595993 10.836445
1.117310 168.595840 10.836296
1.117364 168.595673 10.836145
1.117418 168.595520 10.835995
1.117472 168.595367 10.835844
1.117526 168.595215 10.835695
1.117580 168.595062 10.835545
1.117634 168.594910 10.835396
1.117688 168.594757 10.835245
1.117741 168.594604 10.835096
1.117795 168.594452 10.834947
1.117849 168.594299 10.834798
1.117902 168.594147 10.834648
1.117956 168.593994 10.834499
1.118009 168.593842 10.834350
1.118063 168.593689 10.834200
1.118116 168.593536 10.834051
1.118169 168.593384 10.833902
1.118222 168.593231 10.833754
1.118275 168.593079 10.833605
1.118328 168.592926 10.833456
1.118382 168.592773 10.833307
1.118434 168.592606 10.833158
1.118487 168.592453 10.833009
1.118540 168.592300 10.832861
1.118593 168.592148 10.832712
1.118645 168.591995 10.832563
1.118698 168.591843 10.832415
1.118750 168.591690 10.832266
1.118803 168.591537 10.832119
1.118855 168.591385 10.831970
1.118908 168.591232 10.831821
1.118960 168.591080 10.831675
1.119013 168.590927 10.831526
1.119065 168.590775 10.831377
1.119117 168.590622 10.831228
1.119169 168.590469 10.831082
1.119222 168.590317 10.830935
1.119274 168.590164 10.830786
1.119326 168.590012 10.830639
1.119378 168.589859 10.830492
1.119430 168.589706 10.830344
1.119482 168.589554 10.830196
1.119533 168.589401 10.830050
1.119585 168.589249 10.829903
1.119637 168.589096 10.829754
1.119688 168.588943 10.829607
1.119740 168.588791 10.829460
1.119792 168.588638 10.829312
1.119843 168.588486 10.829165
1.119895 168.588333 10.829018
1.119946 168.588181 10.828871
1.119997 168.588028 10.828725
1.120048 168.587875 10.828578
1.120100 168.587723 10.828431
1.120151 168.587570 10.828284
1.120202 168.587418 10.828136
1.120253 168.587265 10.827990
1.120304 168.587112 10.827844
1.120355 168.586960 10.827698
1.120406 168.586807 10.827552
1.120456 168.586655 10.827406
1.120507 168.586502 10.827259
1.120558 168.586349 10.827113
1.120608 168.586197 10.826966
1.120659 168.586060 10.826821
1.120709 168.585907 10.826674
1.120760 168.585754 10.826530
1.120810 168.585602 10.826384
1.120860 168.585449 10.826238
1.120911 168.585312 10.826092
1.120961 168.585159 10.825947
1.121011 168.585007 10.825800
1.121061 168.584854 10.825656
1.121111 168.584702 10.825509
1.121161 168.584549 10.825365
1.121211 168.584396 10.825218
1.121261 168.584244 10.825073
1.121311 168.584091 10.824927
1.121361 168.583939 10.824782
1.121411 168.583786 10.824637
1.121461 168.583633 10.824492
1.121511 168.583481 10.824347
1.121561 168.583328 10.824203
1.121610 168.583191 10.824058
1.121660 168.583038 10.823914
1.121709 168.582886 10.823769
1.121759 168.582733 10.823624
1.121808 168.582596 10.823480
1.121858 168.582443 10.823335
1.121907 168.582291 10.823190
1.121956 168.582138 10.823046
1.122005 168.581985 10.822901
1.122055 168.581833 10.822757
1.122104 168.581680 10.822613
1.122153 168.581528 10.822469
1.122202 168.581375 10.822324
1.122251 168.581223 10.822180
1.122300 168.581085 10.822036
1.122349 168.580933 10.821892
1.122398 168.580780 10.821748
1.122446 168.580643 10.821604
1.122495 168.580490 10.821460
1.122543 168.580338 10.821317
1.122592 168.580185 10.821173
1.122641 168.580032 10.821030
1.122689 168.579880 10.820886
1.122737 168.579742 10.820742
1.122786 168.579590 10.820599
1.122834 168.579437 10.820456
1.122882 168.579285 10.820312
1.122931 168.579132 10.820169
1.122979 168.578979 10.820026
1.123027 168.578827 10.819882
1.123075 168.578674 10.819739
1.123123 168.578522 10.819596
1.123171 168.578384 10.819453
1.123219 168.578232 10.819310
1.123267 168.578094 10.819167
1.123315 168.577957 10.819024
1.123362 168.577805 10.818881
1.123410 168.577652 10.818739
1.123458 168.577499 10.818596
1.123506 168.577347 10.818454
1.123553 168.577194 10.818311
1.123601 168.577057 10.818169
1.123649 168.576904 10.818026
1.123696 168.576752 10.817883
1.123744 168.576599 10.817741
1.123791 168.576447 10.817598
1.123839 168.576294 10.817457
1.123886 168.576141 10.817314
1.123933 168.576004 10.817173
1.123981 168.575851 10.817031
1.124028 168.575714 10.816889
1.124075 168.575562 10.816748
1.124122 168.575424 10.816606
1.124169 168.575287 10.816463
1.124216 168.575134 10.816321
1.124263 168.574982 10.816180
1.124310 168.574829 10.816038
1.124357 168.574677 10.815896
1.124403 168.574524 10.815755
1.124450 168.574387 10.815614
1.124497 168.574234 10.815473
1.124544 168.574097 10.815331
1.124590 168.573944 10.815189
1.124637 168.573792 10.815048
1.124683 168.573639 10.814907
1.124730 168.573502 10.814766
1.124776 168.573349 10.814625
1.124823 168.573196 10.814484
1.124869 168.573059 10.814342
1.124915 168.572922 10.814201
1.124961 168.572784 10.814061
1.125008 168.572632 10.813921
1.125054 168.572479 10.813780
1.125100 168.572327 10.813640
1.125146 168.572174 10.813498
1.125192 168.572021 10.813358
1.125238 168.571869 10.813217
1.125284 168.571732 10.813077
1.125329 168.571579 10.812937
1.125375 168.571442 10.812796
1.125421 168.571304 10.812656
1.125467 168.571152 10.812517
1.125512 168.570999 10.812376
1.125558 168.570847 10.812236
1.125603 168.570694 10.812096
1.125649 168.570557 10.811956
1.125694 168.570404 10.811815
1.125740 168.570267 10.811676
1.125785 168.570129 10.811537
1.125831 168.569977 10.811397
1.125876 168.569839 10.811256
1.125921 168.569687 10.811117
1.125967 168.569534 10.810978
1.126012 168.569397 10.810838
1.126057 168.569244 10.810698
1.126103 168.569107 10.810558
1.126148 168.568954 10.810419
1.126193 168.568817 10.810279
1.126238 168.568665 10.810141
1.126283 168.568512 10.810001
1.126328 168.568359 10.809862
1.126373 168.568222 10.809723
1.126418 168.568069 10.809584
1.126462 168.567917 10.809444
1.126507 168.567780 10.809305
1.126552 168.567642 10.809166
1.126597 168.567490 10.809029
1.126641 168.567352 10.808889
1.126686 168.567215 10.808751
1.126730 168.567062 10.808612
1.126775 168.566925 10.808474
1.126819 168.566772 10.808335
1.126864 168.566635 10.808197
1.126908 168.566483 10.808058
1.126952 168.566345 10.807919
1.126997 168.566193 10.807780
1.127041 168.566055 10.807642
1.127085 168.565903 10.807504
1.127129 168.565765 10.807365
1.127173 168.565613 10.807227
1.127217 168.565460 10.807089
1.127261 168.565323 10.806951
1.127305 168.565186 10.806813
1.127349 168.565033 10.806675
1.127393 168.564896 10.806538
1.127437 168.564743 10.806399
1.127481 168.564606 10.806261
1.127524 168.564468 10.806124
1.127568 168.564316 10.805986
1.127612 168.564178 10.805848
1.127655 168.564041 10.805710
1.127699 168.563904 10.805573
1.127742 168.563751 10.805435
1.127786 168.563599 10.805298
1.127829 168.563446 10.805160
1.127873 168.563309 10.805022
1.127916 168.563156 10.804886
1.127959 168.563019 10.804748
1.128003 168.562866 10.804610
1.128046 168.562714 10.804474
1.128089 168.562561 10.804337
1.128132 168.562424 10.804199
1.128175 168.562286 10.804062
1.128219 168.562149 10.803925
1.128262 168.562012 10.803788
1.128305 168.561859 10.803652
1.128348 168.561722 10.803514
1.128391 168.561584 10.803377
1.128434 168.561432 10.803242
1.128477 168.561295 10.803104
1.128520 168.561157 10.802967
1.128562 168.561005 10.802832
1.128605 168.560867 10.802694
1.128648 168.560715 10.802559
1.128691 168.560562 10.802422
1.128734 168.560425 10.802286
1.128776 168.560287 10.802149
1.128819 168.560135 10.802013
1.128861 168.559982 10.801877
1.128904 168.559845 10.801741
1.128946 168.559708 10.801605
1.128989 168.559570 10.801470
1.129031 168.559433 10.801332
1.129074 168.559296 10.801197
1.129116 168.559143 10.801062
1.129158 168.559006 10.800924
1.129200 168.558868 10.800789
1.129242 168.558716 10.800653
1.129285 168.558578 10.800516
1.129327 168.558441 10.800383
1.129369 168.558304 10.800247
1.129411 168.558151 10.800111
1.129453 168.557999 10.799976
1.129495 168.557861 10.799840
1.129536 168.557724 10.799704
1.129578 168.557587 10.799569
1.129620 168.557434 10.799434
1.129662 168.557281 10.799298
1.129704 168.557144 10.799164
1.129745 168.557007 10.799028
1.129787 168.556870 10.798893
1.129829 168.556732 10.798758
1.129870 168.556595 10.798622
1.129912 168.556442 10.798489
1.129953 168.556305 10.798353
1.129995 168.556168 10.798218
1.130036 168.556015 10.798082
1.130077 168.555878 10.797948
1.130119 168.555740 10.797813
1.130160 168.555588 10.797678
1.130201 168.555435 10.797544
1.130242 168.555298 10.797409
1.130284 168.555176 10.797276
1.130325 168.555023 10.797141
1.130366 168.554886 10.797007
1.130407 168.554749 10.796871
1.130448 168.554596 10.796738
1.130489 168.554474 10.796604
1.130530 168.554321 10.796469
1.130571 168.554199 10.796335
1.130612 168.554062 10.796202
1.130653 168.553909 10.796066
1.130693 168.553772 10.795933
1.130734 168.553635 10.795799
1.130775 168.553482 10.795666
1.130816 168.553345 10.795531
1.130857 168.553207 10.795397
1.130897 168.553055 10.795263
1.130938 168.552917 10.795130
1.130978 168.552780 10.794996
1.131019 168.552628 10.794862
1.131060 168.552490 10.794727
1.131100 168.552338 10.794594
1.131141 168.552200 10.794460
1.131181 168.552063 10.794327
1.131222 168.551926 10.794193
1.131262 168.551773 10.794060
1.131302 168.551636 10.793926
1.131343 168.551498 10.793793
1.131383 168.551361 10.793659
1.131423 168.551239 10.793526
1.131463 168.551102 10.793392
1.131503 168.550964 10.793259
1.131544 168.550827 10.793125
1.131584 168.550690 10.792992
1.131624 168.550552 10.792860
1.131664 168.550415 10.792727
1.131704 168.550262 10.792594
1.131743 168.550125 10.792461
1.131783 168.549973 10.792328
1.131823 168.549835 10.792196
1.131863 168.549698 10.792063
1.131903 168.549561 10.791931
1.131943 168.549423 10.791798
1.131982 168.549286 10.791666
1.132022 168.549133 10.791533
1.132061 168.549011 10.791401
1.132101 168.548874 10.791268
1.132141 168.548737 10.791136
1.132180 168.548599 10.791004
1.132219 168.548462 10.790871
1.132259 168.548325 10.790739
1.132298 168.548187 10.790607
1.132338 168.548050 10.790476
1.132377 168.547913 10.790342
1.132416 168.547775 10.790211
1.132456 168.547638 10.790079
1.132495 168.547485 10.789947
1.132534 168.547333 10.789815
1.132573 168.547195 10.789683
1.132612 168.547058 10.789552
1.132651 168.546906 10.789419
1.132690 168.546783 10.789288
1.132730 168.546661 10.789156
1.132768 168.546509 10.789024
1.132807 168.546356 10.788893
1.132846 168.546219 10.788761
1.132885 168.546097 10.788630
1.132924 168.545959 10.788498
1.132963 168.545822 10.788366
1.133002 168.545670 10.788235
1.133040 168.545532 10.788103
1.133079 168.545410 10.787971
1.133117 168.545273 10.787840
1.133156 168.545135 10.787710
1.133195 168.544998 10.787579
1.133233 168.544861 10.787447
1.133272 168.544708 10.787316
1.133310 168.544556 10.787186
1.133349 168.544434 10.787054
1.133387 168.544296 10.786922
1.133426 168.544159 10.786793
1.133464 168.544022 10.786662
1.133502 168.543884 10.786530
1.133541 168.543747 10.786400
1.133579 168.543610 10.786269
1.133617 168.543488 10.786139
1.133656 168.543350 10.786007
1.133694 168.543213 10.785877
1.133732 168.543091 10.785748
1.133770 168.542953 10.785617
1.133808 168.542816 10.785486
1.133847 168.542679 10.785357
1.133885 168.542542 10.785226
1.133923 168.542404 10.785095
1.133961 168.542252 10.784965
1.133999 168.542114 10.784835
1.134037 168.541977 10.784705
1.134075 168.541840 10.784575
1.134113 168.541702 10.784445
1.134151 168.541565 10.784315
1.134188 168.541428 10.784185
1.134226 168.541306 10.784054
1.134264 168.541153 10.783924
1.134301 168.541016 10.783794
1.134339 168.540878 10.783665
1.134377 168.540756 10.783535
1.134414 168.540619 10.783405
1.134452 168.540482 10.783276
1.134490 168.540344 10.783146
1.134527 168.540222 10.783016
1.134564 168.540085 10.782887
1.134602 168.539948 10.782757
1.134639 168.539810 10.782629
1.134676 168.539673 10.782497
1.134714 168.539536 10.782370
1.134751 168.539383 10.782240
1.134789 168.539246 10.782110
1.134826 168.539124 10.781981
1.134863 168.538986 10.781851
1.134900 168.538849 10.781722
1.134937 168.538727 10.781592
1.134974 168.538589 10.781464
1.135011 168.538452 10.781335
1.135048 168.538315 10.781206
1.135085 168.538177 10.781076
1.135122 168.538055 10.780949
1.135159 168.537918 10.780819
1.135196 168.537781 10.780691
1.135233 168.537643 10.780561
1.135270 168.537506 10.780434
1.135307 168.537369 10.780304
1.135344 168.537231 10.780176
1.135380 168.537094 10.780047
1.135417 168.536957 10.779919
1.135454 168.536819 10.779790
1.135490 168.536682 10.779661
1.135527 168.536560 10.779533
1.135564 168.536423 10.779405
1.135600 168.536285 10.779276
1.135637 168.536163 10.779149
1.135673 168.536026 10.779020
1.135710 168.535873 10.778893
1.135746 168.535751 10.778764
1.135782 168.535614 10.778635
1.135819 168.535492 10.778507
1.135855 168.535370 10.778379
1.135891 168.535233 10.778252
1.135928 168.535095 10.778124
1.135964 168.534958 10.777996
1.136000 168.534836 10.777867
1.136037 168.534698 10.777740
1.136073 168.534561 10.777611
1.136109 168.534424 10.777483
1.136145 168.534286 10.777356
1.136181 168.534149 10.777227
1.136217 168.534027 10.777101
1.136253 168.533890 10.776973
1.136289 168.533752 10.776846
1.136325 168.533630 10.776717
1.136361 168.533493 10.776590
1.136397 168.533356 10.776463
1.136433 168.533234 10.776335
1.136469 168.533096 10.776208
1.136505 168.532959 10.776081
1.136541 168.532837 10.775953
1.136576 168.532700 10.775826
1.136612 168.532562 10.775699
1.136648 168.532425 10.775572
1.136684 168.532288 10.775444
1.136719 168.532166 10.775318
1.136755 168.532028 10.775190
1.136791 168.531891 10.775064
1.136827 168.531754 10.774936
1.136862 168.531616 10.774810
1.136898 168.531494 10.774681
1.136933 168.531357 10.774555
1.136969 168.531235 10.774429
1.137004 168.531097 10.774302
1.137040 168.530975 10.774176
1.137075 168.530853 10.774049
1.137110 168.530716 10.773922
1.137146 168.530579 10.773794
1.137181 168.530441 10.773668
1.137216 168.530319 10.773542
1.137251 168.530182 10.773417
1.137287 168.530045 10.773291
1.137322 168.529922 10.773163
1.137357 168.529785 10.773037
1.137392 168.529663 10.772911
1.137427 168.529510 10.772785
1.137462 168.529388 10.772657
1.137497 168.529251 10.772532
1.137532 168.529114 10.772405
1.137567 168.528992 10.772279
1.137602 168.528854 10.772153
1.137637 168.528732 10.772028
1.137672 168.528595 10.771901
1.137707 168.528473 10.771775
1.137742 168.528336 10.771648
1.137776 168.528214 10.771524
1.137811 168.528076 10.771398
1.137846 168.527939 10.771271
1.137880 168.527817 10.771145
1.137915 168.527695 10.771021
1.137950 168.527557 10.770894
1.137984 168.527420 10.770769
1.138019 168.527283 10.770644
1.138054 168.527161 10.770518
1.138088 168.527023 10.770392
1.138123 168.526886 10.770267
1.138157 168.526749 10.770141
1.138192 168.526611 10.770016
1.138226 168.526489 10.769891
1.138261 168.526352 10.769765
1.138295 168.526230 10.769640
1.138329 168.526108 10.769514
1.138364 168.525970 10.769389
1.138398 168.525848 10.769263
1.138432 168.525726 10.769138
1.138466 168.525589 10.769014
1.138500 168.525452 10.768889
1.138535 168.525314 10.768764
1.138569 168.525192 10.768639
1.138603 168.525070 10.768514
1.138637 168.524933 10.768390
1.138671 168.524811 10.768264
1.138705 168.524689 10.768140
1.138739 168.524567 10.768015
1.138773 168.524445 10.767891
1.138807 168.524323 10.767765
1.138841 168.524185 10.767641
1.138875 168.524048 10.767515
1.138909 168.523911 10.767391
1.138943 168.523773 10.767266
1.138977 168.523651 10.767142
1.139010 168.523514 10.767017
1.139044 168.523376 10.766893
1.139078 168.523254 10.766768
1.139112 168.523132 10.766644
1.139145 168.522995 10.766520
1.139179 168.522858 10.766396
1.139213 168.522736 10.766271
1.139246 168.522614 10.766147
1.139280 168.522491 10.766022
1.139313 168.522369 10.765898
1.139347 168.522232 10.765774
1.139381 168.522095 10.765650
1.139414 168.521973 10.765525
1.139448 168.521835 10.765401
1.139481 168.521698 10.765277
1.139515 168.521561 10.765153
1.139548 168.521439 10.765029
1.139581 168.521317 10.764905
1.139615 168.521179 10.764781
1.139648 168.521057 10.764658
1.139682 168.520920 10.764534
1.139715 168.520782 10.764411
1.139748 168.520660 10.764287
1.139782 168.520538 10.764164
1.139815 168.520401 10.764040
1.139848 168.520264 10.763916
1.139881 168.520142 10.763793
1.139915 168.520004 10.763670
1.139947 168.519882 10.763546
1.139980 168.519760 10.763423
1.140013 168.519638 10.763300
1.140046 168.519516 10.763178
1.140079 168.519394 10.763054
1.140112 168.519272 10.762930
1.140145 168.519135 10.762806
1.140178 168.519012 10.762684
1.140211 168.518890 10.762561
1.140244 168.518753 10.762438
1.140277 168.518616 10.762314
1.140310 168.518494 10.762191
1.140342 168.518356 10.762068
1.140375 168.518219 10.761945
1.140408 168.518082 10.761822
1.140441 168.517960 10.761700
1.140473 168.517838 10.761577
1.140506 168.517700 10.761454
1.140538 168.517578 10.761331
1.140571 168.517456 10.761208
1.140604 168.517334 10.761085
1.140636 168.517212 10.760962
1.140669 168.517090 10.760840
1.140701 168.516968 10.760716
1.140734 168.516846 10.760594
1.140766 168.516708 10.760471
1.140799 168.516571 10.760350
1.140831 168.516449 10.760227
1.140864 168.516312 10.760105
1.140896 168.516190 10.759982
1.140928 168.516068 10.759860
1.140960 168.515930 10.759738
1.140993 168.515808 10.759616
1.141025 168.515671 10.759493
1.141057 168.515549 10.759371
1.141089 168.515411 10.759249
1.141122 168.515274 10.759127
1.141154 168.515152 10.759006
1.141186 168.515030 10.758883
1.141218 168.514908 10.758761
1.141250 168.514786 10.758638
1.141283 168.514664 10.758516
1.141315 168.514557 10.758395
1.141346 168.514435 10.758273
1.141379 168.514313 10.758151
1.141410 168.514191 10.758028
1.141442 168.514053 10.757907
1.141474 168.513931 10.757786
1.141506 168.513794 10.757665
1.141538 168.513672 10.757543
1.141570 168.513535 10.757421
1.141602 168.513412 10.757300
1.141633 168.513275 10.757177
1.141665 168.513153 10.757056
1.141697 168.513031 10.756934
1.141729 168.512894 10.756813
1.141760 168.512756 10.756691
1.141792 168.512634 10.756571
1.141824 168.512512 10.756449
1.141855 168.512390 10.756329
1.141887 168.512268 10.756207
1.141918 168.512146 10.756085
1.141950 168.512024 10.755964
1.141981 168.511902 10.755843
1.142013 168.511780 10.755722
1.142045 168.511642 10.755602
1.142076 168.511520 10.755480
1.142107 168.511398 10.755360
1.142139 168.511261 10.755239
1.142170 168.511139 10.755117
1.142202 168.511017 10.754996
1.142233 168.510895 10.754876
1.142264 168.510773 10.754755
1.142296 168.510635 10.754635
1.142327 168.510498 10.754513
1.142358 168.510376 10.754393
1.142390 168.510254 10.754272
1.142421 168.510132 10.754150
1.142452 168.509995 10.754030
1.142483 168.509872 10.753910
1.142514 168.509735 10.753789
1.142545 168.509613 10.753668
1.142576 168.509491 10.753548
1.142607 168.509369 10.753428
1.142638 168.509247 10.753306
1.142669 168.509125 10.753185
1.142700 168.509003 10.753065
1.142731 168.508881 10.752945
1.142762 168.508759 10.752824
1.142793 168.508636 10.752704
1.142824 168.508514 10.752584
1.142855 168.508392 10.752463
1.142886 168.508270 10.752342
1.142917 168.508148 10.752224
1.142948 168.508026 10.752102
1.142979 168.507904 10.751983
1.143010 168.507782 10.751863
1.143041 168.507660 10.751742
1.143072 168.507538 10.751624
1.143102 168.507416 10.751503
1.143133 168.507278 10.751385
1.143164 168.507156 10.751264
1.143194 168.507034 10.751144
1.143225 168.506912 10.751024
1.143255 168.506790 10.750906
1.143286 168.506668 10.750786
1.143317 168.506546 10.750667
1.143347 168.506424 10.750546
1.143378 168.506302 10.750427
1.143408 168.506180 10.750308
1.143439 168.506058 10.750189
1.143469 168.505936 10.750070
1.143500 168.505814 10.749950
1.143530 168.505676 10.749832
1.143561 168.505554 10.749712
1.143591 168.505432 10.749592
1.143621 168.505310 10.749474
1.143651 168.505188 10.749353
1.143682 168.505066 10.749235
1.143712 168.504944 10.749115
1.143742 168.504822 10.748996
1.143772 168.504700 10.748877
1.143802 168.504578 10.748757
1.143833 168.504471 10.748637
1.143863 168.504349 10.748518
1.143893 168.504227 10.748400
1.143923 168.504105 10.748280
1.143953 168.503983 10.748161
1.143983 168.503860 10.748041
1.144014 168.503738 10.747923
1.144043 168.503616 10.747804
1.144073 168.503494 10.747684
1.144103 168.503372 10.747566
1.144133 168.503250 10.747447
1.144163 168.503128 10.747328
1.144193 168.503006 10.747210
1.144223 168.502884 10.747090
1.144253 168.502762 10.746971
1.144283 168.502640 10.746853
1.144313 168.502502 10.746733
1.144342 168.502380 10.746614
1.144372 168.502258 10.746497
1.144402 168.502136 10.746379
1.144432 168.502014 10.746260
1.144462 168.501907 10.746141
1.144491 168.501801 10.746023
1.144521 168.501678 10.745905
1.144551 168.501556 10.745788
1.144580 168.501434 10.745669
1.144610 168.501312 10.745550
1.144640 168.501205 10.745432
1.144669 168.501083 10.745315
1.144699 168.500961 10.745196
1.144728 168.500839 10.745078
1.144758 168.500717 10.744961
1.144787 168.500580 10.744843
1.144817 168.500458 10.744724
1.144846 168.500336 10.744608
1.144875 168.500214 10.744490
1.144905 168.500092 10.744370
1.144934 168.499969 10.744253
1.144964 168.499847 10.744135
1.144993 168.499725 10.744017
1.145022 168.499619 10.743899
1.145052 168.499496 10.743782
1.145081 168.499374 10.743664
1.145110 168.499252 10.743546
1.145139 168.499130 10.743429
1.145169 168.499008 10.743311
1.145198 168.498901 10.743195
1.145227 168.498779 10.743076
1.145256 168.498657 10.742959
1.145285 168.498535 10.742842
1.145314 168.498413 10.742723
1.145344 168.498291 10.742607
1.145373 168.498169 10.742489
1.145402 168.498032 10.742373
1.145431 168.497910 10.742254
1.145460 168.497803 10.742138
1.145489 168.497681 10.742020
1.145518 168.497559 10.741902
1.145547 168.497437 10.741785
1.145576 168.497314 10.741667
1.145605 168.497192 10.741550
1.145633 168.497086 10.741432
1.145662 168.496964 10.741316
1.145691 168.496857 10.741199
1.145720 168.496735 10.741081
1.145749 168.496613 10.740964
1.145778 168.496506 10.740847
1.145807 168.496384 10.740729
1.145835 168.496262 10.740612
1.145864 168.496140 10.740496
1.145893 168.496017 10.740377
1.145921 168.495895 10.740261
1.145950 168.495773 10.740145
1.145979 168.495651 10.740028
1.146008 168.495529 10.739911
1.146036 168.495407 10.739794
1.146065 168.495285 10.739677
1.146093 168.495163 10.739560
1.146122 168.495041 10.739445
1.146151 168.494934 10.739328
1.146179 168.494812 10.739212
1.146208 168.494690 10.739096
1.146236 168.494568 10.738979
1.146265 168.494461 10.738861
1.146294 168.494354 10.738745
1.146322 168.494232 10.738628
1.146351 168.494110 10.738514
1.146379 168.494003 10.738396
1.146407 168.493896 10.738281
1.146436 168.493774 10.738165
1.146464 168.493652 10.738049
1.146492 168.493530 10.737932
1.146521 168.493408 10.737816
1.146549 168.493286 10.737701
1.146577 168.493164 10.737585
1.146605 168.493042 10.737469
1.146633 168.492920 10.737352
1.146662 168.492813 10.737237
1.146690 168.492691 10.737122
1.146718 168.492584 10.737005
1.146746 168.492462 10.736889
1.146774 168.492340 10.736773
1.146802 168.492218 10.736658
1.146831 168.492111 10.736542
1.146859 168.492004 10.736425
1.146887 168.491882 10.736311
1.146915 168.491776 10.736195
1.146943 168.491653 10.736078
1.146971 168.491531 10.735963
1.146999 168.491409 10.735846
1.147027 168.491302 10.735731
1.147055 168.491180 10.735615
1.147083 168.491058 10.735500
1.147110 168.490952 10.735384
1.147138 168.490829 10.735269
1.147166 168.490707 10.735153
1.147194 168.490585 10.735037
1.147222 168.490463 10.734922
1.147249 168.490341 10.734806
1.147277 168.490219 10.734692
1.147305 168.490097 10.734575
1.147333 168.489990 10.734461
1.147361 168.489868 10.734344
1.147388 168.489761 10.734230
1.147416 168.489655 10.734116
1.147444 168.489563 10.734001
1.147471 168.489441 10.733885
1.147499 168.489319 10.733770
1.147527 168.489197 10.733654
1.147554 168.489075 10.733540
1.147582 168.488968 10.733425
1.147609 168.488861 10.733310
1.147637 168.488739 10.733194
1.147664 168.488617 10.733080
1.147692 168.488495 10.732965
1.147719 168.488373 10.732851
1.147747 168.488251 10.732737
1.147774 168.488144 10.732622
1.147801 168.488037 10.732508
1.147829 168.487915 10.732393
1.147856 168.487823 10.732278
1.147884 168.487701 10.732162
1.147911 168.487579 10.732048
1.147938 168.487473 10.731934
1.147966 168.487366 10.731819
1.147993 168.487244 10.731705
1.148021 168.487122 10.731590
1.148048 168.487000 10.731476
1.148075 168.486893 10.731361
1.148102 168.486786 10.731247
1.148130 168.486664 10.731133
1.148157 168.486557 10.731018
1.148184 168.486450 10.730904
1.148211 168.486328 10.730789
1.148238 168.486221 10.730675
1.148265 168.486115 10.730560
1.148292 168.485992 10.730446
1.148319 168.485870 10.730331
1.148346 168.485748 10.730217
1.148373 168.485626 10.730103
1.148400 168.485504 10.729988
1.148427 168.485397 10.729874
1.148454 168.485291 10.729759
1.148481 168.485168 10.729645
1.148508 168.485046 10.729530
1.148535 168.484940 10.729416
1.148562 168.484848 10.729301
1.148589 168.484741 10.729187
1.148616 168.484619 10.729073
1.148643 168.484528 10.728959
1.148670 168.484406 10.728846
1.148697 168.484283 10.728731
1.148724 168.484177 10.728617
1.148750 168.484055 10.728504
1.148777 168.483948 10.728390
1.148804 168.483826 10.728275
1.148831 168.483719 10.728163
1.148857 168.483612 10.728048
1.148884 168.483490 10.727936
1.148911 168.483383 10.727821
1.148937 168.483276 10.727709
1.148964 168.483154 10.727594
1.148990 168.483047 10.727482
1.149017 168.482925 10.727369
1.149044 168.482803 10.727255
1.149070 168.482697 10.727142
1.149097 168.482590 10.727028
1.149123 168.482483 10.726915
1.149150 168.482376 10.726801
1.149176 168.482254 10.726688
1.149203 168.482147 10.726574
1.149230 168.482025 10.726461
1.149256 168.481903 10.726349
1.149283 168.481796 10.726235
1.149309 168.481689 10.726124
1.149336 168.481567 10.726009
1.149362 168.481476 10.725897
1.149389 168.481369 10.725784
1.149415 168.481262 10.725670
1.149441 168.481140 10.725557
1.149467 168.481033 10.725445
1.149494 168.480927 10.725331
1.149520 168.480804 10.725218
1.149546 168.480682 10.725105
1.149572 168.480576 10.724993
1.149599 168.480453 10.724880
1.149625 168.480347 10.724768
1.149651 168.480225 10.724655
1.149677 168.480103 10.724543
1.149704 168.480011 10.724428
1.149730 168.479904 10.724316
1.149756 168.479797 10.724203
1.149782 168.479675 10.724091
1.149808 168.479568 10.723978
1.149835 168.479462 10.723866
1.149861 168.479355 10.723753
1.149887 168.479248 10.723640
1.149913 168.479126 10.723527
1.149940 168.479019 10.723414
1.149966 168.478912 10.723303
1.149992 168.478790 10.723190
1.150017 168.478683 10.723078
1.150043 168.478577 10.722965
1.150069 168.478470 10.722854
1.150095 168.478363 10.722740
1.150121 168.478241 10.722630
1.150147 168.478134 10.722517
1.150172 168.478012 10.722404
1.150198 168.477905 10.722293
1.150224 168.477798 10.722181
1.150250 168.477692 10.722069
1.150276 168.477585 10.721956
1.150302 168.477478 10.721844
1.150327 168.477386 10.721732
1.150353 168.477264 10.721621
1.150379 168.477142 10.721508
1.150405 168.477036 10.721395
1.150431 168.476913 10.721285
1.150456 168.476807 10.721172
1.150482 168.476700 10.721060
1.150508 168.476593 10.720949
1.150534 168.476486 10.720837
1.150559 168.476379 10.720726
1.150585 168.476257 10.720613
1.150610 168.476151 10.720503
1.150636 168.476044 10.720390
1.150662 168.475937 10.720278
1.150687 168.475830 10.720167
1.150713 168.475723 10.720055
1.150738 168.475601 10.719944
1.150764 168.475494 10.719831
1.150789 168.475372 10.719721
1.150815 168.475266 10.719608
1.150840 168.475159 10.719498
1.150866 168.475037 10.719385
1.150891 168.474945 10.719275
1.150916 168.474838 10.719162
1.150942 168.474731 10.719051
1.150967 168.474625 10.718939
1.150993 168.474518 10.718828
1.151018 168.474426 10.718718
1.151043 168.474304 10.718605
1.151069 168.474213 10.718494
1.151094 168.474106 10.718384
1.151119 168.473999 10.718273
1.151145 168.473877 10.718161
1.151170 168.473770 10.718050
1.151195 168.473663 10.717939
1.151220 168.473541 10.717829
1.151246 168.473450 10.717718
1.151271 168.473328 10.717606
1.151296 168.473236 10.717496
1.151321 168.473114 10.717384
1.151346 168.473007 10.717274
1.151371 168.472900 10.717162
1.151397 168.472794 10.717052
1.151422 168.472687 10.716941
1.151447 168.472580 10.716830
1.151472 168.472473 10.716720
1.151497 168.472382 10.716608
1.151522 168.472260 10.716497
1.151547 168.472168 10.716387
1.151572 168.472061 10.716276
1.151597 168.471954 10.716166
1.151622 168.471848 10.716055
1.151647 168.471741 10.715944
1.151672 168.471634 10.715834
1.151697 168.471527 10.715724
1.151722 168.471405 10.715613
1.151747 168.471313 10.715504
1.151771 168.471207 10.715393
1.151796 168.471100 10.715282
1.151821 168.471008 10.715172
1.151846 168.470886 10.715061
1.151871 168.470779 10.714951
1.151896 168.470673 10.714840
1.151921 168.470551 10.714730
1.151945 168.470459 10.714621
1.151970 168.470337 10.714510
1.151995 168.470230 10.714399
1.152020 168.470123 10.714291
1.152044 168.470032 10.714180
1.152069 168.469925 10.714069
1.152094 168.469818 10.713959
1.152118 168.469727 10.713849
1.152143 168.469620 10.713739
1.152168 168.469513 10.713628
1.152192 168.469406 10.713518
1.152217 168.469299 10.713408
1.152241 168.469193 10.713298
1.152266 168.469086 10.713188
1.152291 168.468994 10.713078
1.152315 168.468872 10.712967
1.152340 168.468781 10.712858
1.152364 168.468674 10.712748
1.152389 168.468567 10.712639
1.152413 168.468475 10.712528
1.152438 168.468369 10.712419
1.152462 168.468262 10.712309
1.152487 168.468155 10.712200
1.152511 168.468048 10.712089
1.152536 168.467926 10.711980
1.152560 168.467834 10.711870
1.152585 168.467728 10.711760
1.152609 168.467621 10.711651
1.152633 168.467529 10.711541
1.152658 168.467422 10.711432
1.152682 168.467316 10.711322
1.152706 168.467209 10.711213
1.152730 168.467102 10.711103
1.152755 168.467010 10.710994
1.152779 168.466904 10.710884
1.152803 168.466797 10.710775
1.152827 168.466690 10.710666
1.152852 168.466583 10.710556
1.152876 168.466492 10.710447
1.152900 168.466385 10.710339
1.152924 168.466278 10.710229
1.152948 168.466187 10.710119
1.152972 168.466080 10.710011
1.152997 168.465973 10.709902
1.153021 168.465881 10.709793
1.153045 168.465775 10.709683
1.153069 168.465668 10.709575
1.153093 168.465576 10.709465
1.153117 168.465469 10.709356
1.153141 168.465363 10.709248
1.153166 168.465256 10.709138
1.153190 168.465149 10.709029
1.153214 168.465057 10.708920
1.153238 168.464951 10.708811
1.153262 168.464844 10.708703
1.153286 168.464752 10.708594
1.153310 168.464645 10.708485
1.153334 168.464539 10.708376
1.153358 168.464447 10.708267
1.153381 168.464340 10.708158
1.153405 168.464233 10.708050
1.153429 168.464142 10.707941
1.153453 168.464035 10.707832
1.153477 168.463928 10.707724
1.153501 168.463837 10.707615
1.153525 168.463745 10.707506
1.153548 168.463638 10.707398
1.153572 168.463531 10.707290
1.153596 168.463440 10.707180
1.153620 168.463333 10.707071
1.153644 168.463226 10.706963
1.153668 168.463135 10.706855
1.153692 168.463028 10.706747
1.153715 168.462921 10.706638
1.153739 168.462830 10.706530
1.153763 168.462723 10.706421
1.153787 168.462631 10.706313
1.153810 168.462524 10.706204
1.153834 168.462433 10.706097
1.153858 168.462341 10.705988
1.153882 168.462234 10.705879
1.153905 168.462128 10.705772
1.153929 168.462036 10.705664
1.153952 168.461929 10.705555
1.153976 168.461838 10.705447
1.153999 168.461731 10.705339
1.154023 168.461639 10.705232
1.154046 168.461548 10.705122
1.154070 168.461456 10.705014
1.154093 168.461349 10.704906
1.154117 168.461258 10.704798
1.154140 168.461151 10.704690
1.154164 168.461060 10.704582
1.154187 168.460968 10.704475
1.154210 168.460861 10.704367
1.154234 168.460754 10.704258
1.154257 168.460663 10.704151